# JRE version: OpenJDK Runtime Environment (8.0_112-b05) (build 1.8.0_112-release-b05)
# Java VM: OpenJDK 64-Bit Server VM (25.112-b05 mixed mode bsd-amd64 compressed oops)
Heap:
 PSYoungGen      total 378368K, used 109948K [0x00000007a0000000, 0x00000007be980000, 0x00000007c0000000)
  eden space 352768K, 31% used [0x00000007a0000000,0x00000007a6b5f0c8,0x00000007b5880000)
  from space 25600K, 0% used [0x00000007b5880000,0x00000007b5880000,0x00000007b7180000)
  to   space 26112K, 0% used [0x00000007bd000000,0x00000007bd000000,0x00000007be980000)
 ParOldGen       total 177664K, used 32406K [0x0000000760000000, 0x000000076ad80000, 0x00000007a0000000)
  object space 177664K, 18% used [0x0000000760000000,0x0000000761fa5a58,0x000000076ad80000)
 Metaspace       used 59518K, capacity 61034K, committed 61184K, reserved 1101824K
  class space    used 7786K, capacity 8105K, committed 8192K, reserved 1048576K
GC Heap History (10 events):
Event: 11.424 GC heap before
{Heap before GC invocations=9 (full 2):
 PSYoungGen      total 242176K, used 228864K [0x00000007a0000000, 0x00000007afe80000, 0x00000007c0000000)
  eden space 228864K, 100% used [0x00000007a0000000,0x00000007adf80000,0x00000007adf80000)
  from space 13312K, 0% used [0x00000007aec80000,0x00000007aec80000,0x00000007af980000)
  to   space 13312K, 0% used [0x00000007adf80000,0x00000007adf80000,0x00000007aec80000)
 ParOldGen       total 118272K, used 16930K [0x0000000760000000, 0x0000000767380000, 0x00000007a0000000)
  object space 118272K, 14% used [0x0000000760000000,0x0000000761088b80,0x0000000767380000)
 Metaspace       used 52676K, capacity 53976K, committed 54016K, reserved 1095680K
  class space    used 7100K, capacity 7404K, committed 7424K, reserved 1048576K
Event: 11.448 GC heap after
Heap after GC invocations=9 (full 2):
 PSYoungGen      total 242176K, used 13301K [0x00000007a0000000, 0x00000007b8a80000, 0x00000007c0000000)
  eden space 228864K, 0% used [0x00000007a0000000,0x00000007a0000000,0x00000007adf80000)
  from space 13312K, 99% used [0x00000007adf80000,0x00000007aec7d518,0x00000007aec80000)
  to   space 21504K, 0% used [0x00000007b7580000,0x00000007b7580000,0x00000007b8a80000)
 ParOldGen       total 118272K, used 30501K [0x0000000760000000, 0x0000000767380000, 0x00000007a0000000)
  object space 118272K, 25% used [0x0000000760000000,0x0000000761dc9650,0x0000000767380000)
 Metaspace       used 52676K, capacity 53976K, committed 54016K, reserved 1095680K
  class space    used 7100K, capacity 7404K, committed 7424K, reserved 1048576K
}
Event: 13.327 GC heap before
{Heap before GC invocations=10 (full 2):
 PSYoungGen      total 242176K, used 154457K [0x00000007a0000000, 0x00000007b8a80000, 0x00000007c0000000)
  eden space 228864K, 61% used [0x00000007a0000000,0x00000007a89d9188,0x00000007adf80000)
  from space 13312K, 99% used [0x00000007adf80000,0x00000007aec7d518,0x00000007aec80000)
  to   space 21504K, 0% used [0x00000007b7580000,0x00000007b7580000,0x00000007b8a80000)
 ParOldGen       total 118272K, used 30501K [0x0000000760000000, 0x0000000767380000, 0x00000007a0000000)
  object space 118272K, 25% used [0x0000000760000000,0x0000000761dc9650,0x0000000767380000)
 Metaspace       used 57730K, capacity 59120K, committed 59136K, reserved 1099776K
  class space    used 7607K, capacity 7926K, committed 7936K, reserved 1048576K
Event: 13.350 GC heap after
Heap after GC invocations=10 (full 2):
 PSYoungGen      total 373760K, used 21495K [0x00000007a0000000, 0x00000007b8a80000, 0x00000007c0000000)
  eden space 352256K, 0% used [0x00000007a0000000,0x00000007a0000000,0x00000007b5800000)
  from space 21504K, 99% used [0x00000007b7580000,0x00000007b8a7dc88,0x00000007b8a80000)
  to   space 25600K, 0% used [0x00000007b5880000,0x00000007b5880000,0x00000007b7180000)
 ParOldGen       total 118272K, used 31706K [0x0000000760000000, 0x0000000767380000, 0x00000007a0000000)
  object space 118272K, 26% used [0x0000000760000000,0x0000000761ef6a48,0x0000000767380000)
 Metaspace       used 57730K, capacity 59120K, committed 59136K, reserved 1099776K
  class space    used 7607K, capacity 7926K, committed 7936K, reserved 1048576K
}
Event: 13.350 GC heap before
{Heap before GC invocations=11 (full 3):
 PSYoungGen      total 373760K, used 21495K [0x00000007a0000000, 0x00000007b8a80000, 0x00000007c0000000)
  eden space 352256K, 0% used [0x00000007a0000000,0x00000007a0000000,0x00000007b5800000)
  from space 21504K, 99% used [0x00000007b7580000,0x00000007b8a7dc88,0x00000007b8a80000)
  to   space 25600K, 0% used [0x00000007b5880000,0x00000007b5880000,0x00000007b7180000)
 ParOldGen       total 118272K, used 31706K [0x0000000760000000, 0x0000000767380000, 0x00000007a0000000)
  object space 118272K, 26% used [0x0000000760000000,0x0000000761ef6a48,0x0000000767380000)
 Metaspace       used 57730K, capacity 59120K, committed 59136K, reserved 1099776K
  class space    used 7607K, capacity 7926K, committed 7936K, reserved 1048576K
Event: 13.584 GC heap after
Heap after GC invocations=11 (full 3):
 PSYoungGen      total 373760K, used 0K [0x00000007a0000000, 0x00000007b8a80000, 0x00000007c0000000)
  eden space 352256K, 0% used [0x00000007a0000000,0x00000007a0000000,0x00000007b5800000)
  from space 21504K, 0% used [0x00000007b7580000,0x00000007b7580000,0x00000007b8a80000)
  to   space 25600K, 0% used [0x00000007b5880000,0x00000007b5880000,0x00000007b7180000)
 ParOldGen       total 177664K, used 37863K [0x0000000760000000, 0x000000076ad80000, 0x00000007a0000000)
  object space 177664K, 21% used [0x0000000760000000,0x00000007624f9d18,0x000000076ad80000)
 Metaspace       used 57730K, capacity 59120K, committed 59136K, reserved 1099776K
  class space    used 7607K, capacity 7926K, committed 7936K, reserved 1048576K
}
Event: 13.758 GC heap before
{Heap before GC invocations=12 (full 3):
 PSYoungGen      total 373760K, used 18423K [0x00000007a0000000, 0x00000007b8a80000, 0x00000007c0000000)
  eden space 352256K, 5% used [0x00000007a0000000,0x00000007a11fde00,0x00000007b5800000)
  from space 21504K, 0% used [0x00000007b7580000,0x00000007b7580000,0x00000007b8a80000)
  to   space 25600K, 0% used [0x00000007b5880000,0x00000007b5880000,0x00000007b7180000)
 ParOldGen       total 177664K, used 37863K [0x0000000760000000, 0x000000076ad80000, 0x00000007a0000000)
  object space 177664K, 21% used [0x0000000760000000,0x00000007624f9d18,0x000000076ad80000)
 Metaspace       used 59182K, capacity 60694K, committed 60928K, reserved 1101824K
  class space    used 7771K, capacity 8087K, committed 8192K, reserved 1048576K
Event: 13.761 GC heap after
Heap after GC invocations=12 (full 3):
 PSYoungGen      total 378368K, used 1517K [0x00000007a0000000, 0x00000007be980000, 0x00000007c0000000)
  eden space 352768K, 0% used [0x00000007a0000000,0x00000007a0000000,0x00000007b5880000)
  from space 25600K, 5% used [0x00000007b5880000,0x00000007b59fb410,0x00000007b7180000)
  to   space 26112K, 0% used [0x00000007bd000000,0x00000007bd000000,0x00000007be980000)
 ParOldGen       total 177664K, used 37863K [0x0000000760000000, 0x000000076ad80000, 0x00000007a0000000)
  object space 177664K, 21% used [0x0000000760000000,0x00000007624f9d18,0x000000076ad80000)
 Metaspace       used 59182K, capacity 60694K, committed 60928K, reserved 1101824K
  class space    used 7771K, capacity 8087K, committed 8192K, reserved 1048576K
}
Event: 13.761 GC heap before
{Heap before GC invocations=13 (full 4):
 PSYoungGen      total 378368K, used 1517K [0x00000007a0000000, 0x00000007be980000, 0x00000007c0000000)
  eden space 352768K, 0% used [0x00000007a0000000,0x00000007a0000000,0x00000007b5880000)
  from space 25600K, 5% used [0x00000007b5880000,0x00000007b59fb410,0x00000007b7180000)
  to   space 26112K, 0% used [0x00000007bd000000,0x00000007bd000000,0x00000007be980000)
 ParOldGen       total 177664K, used 37863K [0x0000000760000000, 0x000000076ad80000, 0x00000007a0000000)
  object space 177664K, 21% used [0x0000000760000000,0x00000007624f9d18,0x000000076ad80000)
 Metaspace       used 59182K, capacity 60694K, committed 60928K, reserved 1101824K
  class space    used 7771K, capacity 8087K, committed 8192K, reserved 1048576K
Event: 13.968 GC heap after
Heap after GC invocations=13 (full 4):
 PSYoungGen      total 378368K, used 0K [0x00000007a0000000, 0x00000007be980000, 0x00000007c0000000)
  eden space 352768K, 0% used [0x00000007a0000000,0x00000007a0000000,0x00000007b5880000)
  from space 25600K, 0% used [0x00000007b5880000,0x00000007b5880000,0x00000007b7180000)
  to   space 26112K, 0% used [0x00000007bd000000,0x00000007bd000000,0x00000007be980000)
 ParOldGen       total 177664K, used 32406K [0x0000000760000000, 0x000000076ad80000, 0x00000007a0000000)
  object space 177664K, 18% used [0x0000000760000000,0x0000000761fa5a58,0x000000076ad80000)
 Metaspace       used 59182K, capacity 60694K, committed 60928K, reserved 1101824K
  class space    used 7771K, capacity 8087K, committed 8192K, reserved 1048576K
}

